Performing C SOURCE FILE Test CMAKE_HAVE_LIBC_PTHREAD failed with the following output:
Change Dir: /home/mihui/Dev/ninja-archer/cmake-build-debug/CMakeFiles/CMakeTmp

Run Build Command(s):/usr/bin/gmake cmTC_b5e9b/fast && /usr/bin/gmake  -f CMakeFiles/cmTC_b5e9b.dir/build.make CMakeFiles/cmTC_b5e9b.dir/build
gmake[1]: Entering directory '/home/mihui/Dev/ninja-archer/cmake-build-debug/CMakeFiles/CMakeTmp'
Building C object CMakeFiles/cmTC_b5e9b.dir/src.c.o
/usr/bin/cc   -DCMAKE_HAVE_LIBC_PTHREAD   -o CMakeFiles/cmTC_b5e9b.dir/src.c.o   -c /home/mihui/Dev/ninja-archer/cmake-build-debug/CMakeFiles/CMakeTmp/src.c
Linking C executable cmTC_b5e9b
/home/mihui/.local/share/JetBrains/Toolbox/apps/CLion/ch-0/203.7148.70/bin/cmake/linux/bin/cmake -E cmake_link_script CMakeFiles/cmTC_b5e9b.dir/link.txt --verbose=1
/usr/bin/cc  -DCMAKE_HAVE_LIBC_PTHREAD    -rdynamic CMakeFiles/cmTC_b5e9b.dir/src.c.o  -o cmTC_b5e9b 
/usr/bin/ld: CMakeFiles/cmTC_b5e9b.dir/src.c.o: in function `main':
src.c:(.text+0x46): undefined reference to `pthread_create'
/usr/bin/ld: src.c:(.text+0x52): undefined reference to `pthread_detach'
/usr/bin/ld: src.c:(.text+0x5e): undefined reference to `pthread_cancel'
/usr/bin/ld: src.c:(.text+0x6f): undefined reference to `pthread_join'
collect2: error: ld returned 1 exit status
gmake[1]: *** [CMakeFiles/cmTC_b5e9b.dir/build.make:107: cmTC_b5e9b] Error 1
gmake[1]: Leaving directory '/home/mihui/Dev/ninja-archer/cmake-build-debug/CMakeFiles/CMakeTmp'
gmake: *** [Makefile:141: cmTC_b5e9b/fast] Error 2


Source file was:
#include <pthread.h>

void* test_func(void* data)
{
  return data;
}

int main(void)
{
  pthread_t thread;
  pthread_create(&thread, NULL, test_func, NULL);
  pthread_detach(thread);
  pthread_cancel(thread);
  pthread_join(thread, NULL);
  pthread_atfork(NULL, NULL, NULL);
  pthread_exit(NULL);

  return 0;
}

Determining if the function pthread_create exists in the pthreads failed with the following output:
Change Dir: /home/mihui/Dev/ninja-archer/cmake-build-debug/CMakeFiles/CMakeTmp

Run Build Command(s):/usr/bin/gmake cmTC_e1189/fast && /usr/bin/gmake  -f CMakeFiles/cmTC_e1189.dir/build.make CMakeFiles/cmTC_e1189.dir/build
gmake[1]: Entering directory '/home/mihui/Dev/ninja-archer/cmake-build-debug/CMakeFiles/CMakeTmp'
Building C object CMakeFiles/cmTC_e1189.dir/CheckFunctionExists.c.o
/usr/bin/cc   -DCHECK_FUNCTION_EXISTS=pthread_create   -o CMakeFiles/cmTC_e1189.dir/CheckFunctionExists.c.o   -c /home/mihui/.local/share/JetBrains/Toolbox/apps/CLion/ch-0/203.7148.70/bin/cmake/linux/share/cmake-3.17/Modules/CheckFunctionExists.c
Linking C executable cmTC_e1189
/home/mihui/.local/share/JetBrains/Toolbox/apps/CLion/ch-0/203.7148.70/bin/cmake/linux/bin/cmake -E cmake_link_script CMakeFiles/cmTC_e1189.dir/link.txt --verbose=1
/usr/bin/cc  -DCHECK_FUNCTION_EXISTS=pthread_create    -rdynamic CMakeFiles/cmTC_e1189.dir/CheckFunctionExists.c.o  -o cmTC_e1189  -lpthreads 
/usr/bin/ld: cannot find -lpthreads
collect2: error: ld returned 1 exit status
gmake[1]: *** [CMakeFiles/cmTC_e1189.dir/build.make:107: cmTC_e1189] Error 1
gmake[1]: Leaving directory '/home/mihui/Dev/ninja-archer/cmake-build-debug/CMakeFiles/CMakeTmp'
gmake: *** [Makefile:141: cmTC_e1189/fast] Error 2



