c:\users\lenovo\source\repos\ninja-archer\shortsightedninja\x64\release\vc142.pdb
c:\users\lenovo\source\repos\ninja-archer\shortsightedninja\x64\release\sound.obj
c:\users\lenovo\source\repos\ninja-archer\shortsightedninja\x64\release\shader.obj
c:\users\lenovo\source\repos\ninja-archer\shortsightedninja\x64\release\settings.obj
c:\users\lenovo\source\repos\ninja-archer\shortsightedninja\x64\release\particle.obj
c:\users\lenovo\source\repos\ninja-archer\shortsightedninja\x64\release\opengl2dlib.obj
c:\users\lenovo\source\repos\ninja-archer\shortsightedninja\x64\release\menu.obj
c:\users\lenovo\source\repos\ninja-archer\shortsightedninja\x64\release\math.obj
c:\users\lenovo\source\repos\ninja-archer\shortsightedninja\x64\release\maprenderer.obj
c:\users\lenovo\source\repos\ninja-archer\shortsightedninja\x64\release\mapinfo.obj
c:\users\lenovo\source\repos\ninja-archer\shortsightedninja\x64\release\mapdata.obj
c:\users\lenovo\source\repos\ninja-archer\shortsightedninja\x64\release\main.obj
c:\users\lenovo\source\repos\ninja-archer\shortsightedninja\x64\release\input.obj
c:\users\lenovo\source\repos\ninja-archer\shortsightedninja\x64\release\imgui_widgets.obj
c:\users\lenovo\source\repos\ninja-archer\shortsightedninja\x64\release\imgui_impl_win32.obj
c:\users\lenovo\source\repos\ninja-archer\shortsightedninja\x64\release\imgui_impl_opengl3.obj
c:\users\lenovo\source\repos\ninja-archer\shortsightedninja\x64\release\imgui_draw.obj
c:\users\lenovo\source\repos\ninja-archer\shortsightedninja\x64\release\imgui.obj
c:\users\lenovo\source\repos\ninja-archer\shortsightedninja\x64\release\gamelayer.obj
c:\users\lenovo\source\repos\ninja-archer\shortsightedninja\x64\release\entity.obj
c:\users\lenovo\source\repos\ninja-archer\shortsightedninja\x64\release\dialoginteraction.obj
c:\users\lenovo\source\repos\ninja-archer\shortsightedninja\x64\release\ui.obj
c:\users\lenovo\source\repos\ninja-archer\shortsightedninja\x64\release\stb_impl.obj
c:\users\lenovo\source\repos\ninja-archer\x64\release\midnightarrow.exe
c:\users\lenovo\source\repos\ninja-archer\x64\release\midnightarrow.pdb
c:\users\lenovo\source\repos\ninja-archer\x64\release\midnightarrow.ipdb
c:\users\lenovo\source\repos\ninja-archer\x64\release\midnightarrow.iobj
c:\users\lenovo\source\repos\ninja-archer\shortsightedninja\x64\release\midnightarrow.tlog\cl.command.1.tlog
c:\users\lenovo\source\repos\ninja-archer\shortsightedninja\x64\release\midnightarrow.tlog\cl.read.1.tlog
c:\users\lenovo\source\repos\ninja-archer\shortsightedninja\x64\release\midnightarrow.tlog\cl.write.1.tlog
c:\users\lenovo\source\repos\ninja-archer\shortsightedninja\x64\release\midnightarrow.tlog\link.command.1.tlog
c:\users\lenovo\source\repos\ninja-archer\shortsightedninja\x64\release\midnightarrow.tlog\link.read.1.tlog
c:\users\lenovo\source\repos\ninja-archer\shortsightedninja\x64\release\midnightarrow.tlog\link.write.1.tlog
c:\users\lenovo\source\repos\ninja-archer\shortsightedninja\x64\release\midnightarrow.tlog\midnightarrow.write.1u.tlog
